c:\users\livinghamburger\documents\github\spaceflight-sdl\release\vc140.pdb
c:\users\livinghamburger\documents\github\spaceflight-sdl\release\window.obj
c:\users\livinghamburger\documents\github\spaceflight-sdl\release\time.obj
c:\users\livinghamburger\documents\github\spaceflight-sdl\release\state.obj
c:\users\livinghamburger\documents\github\spaceflight-sdl\release\math.obj
c:\users\livinghamburger\documents\github\spaceflight-sdl\release\main.obj
c:\users\livinghamburger\documents\github\spaceflight-sdl\release\input.obj
c:\users\livinghamburger\documents\github\spaceflight-sdl\release\graphics.obj
c:\users\livinghamburger\documents\github\spaceflight-sdl\release\application.obj
c:\users\livinghamburger\documents\github\spaceflight-sdl\release\sdlexception.obj
c:\users\livinghamburger\documents\github\spaceflight-sdl\release\spaceflight-sdl.exe
c:\users\livinghamburger\documents\github\spaceflight-sdl\release\spaceflight-sdl.ipdb
c:\users\livinghamburger\documents\github\spaceflight-sdl\release\spaceflight-sdl.iobj
c:\users\livinghamburger\documents\github\spaceflight-sdl\release\spaceflight-sdl.pdb
c:\users\livinghamburger\documents\github\spaceflight-sdl\release\spaceflight-sdl.tlog\cl.command.1.tlog
c:\users\livinghamburger\documents\github\spaceflight-sdl\release\spaceflight-sdl.tlog\cl.read.1.tlog
c:\users\livinghamburger\documents\github\spaceflight-sdl\release\spaceflight-sdl.tlog\cl.write.1.tlog
c:\users\livinghamburger\documents\github\spaceflight-sdl\release\spaceflight-sdl.tlog\link.command.1.tlog
c:\users\livinghamburger\documents\github\spaceflight-sdl\release\spaceflight-sdl.tlog\link.read.1.tlog
c:\users\livinghamburger\documents\github\spaceflight-sdl\release\spaceflight-sdl.tlog\link.write.1.tlog
